2008-10-22 19:28:10 Notice: Notice (1024): Please change the value of 'Security.salt' in app/config/core.php to a salt value specific to your application in [CORE/cake/libs/debugger.php, line 541]
2008-10-22 20:29:51 Notice: Notice (8): Undefined variable: link in [APP/views/layouts/cake.ctp, line 37]
2008-10-22 20:30:30 Notice: Notice (8): Undefined variable: link in [APP/views/layouts/cake.ctp, line 37]
2008-10-22 20:32:21 Notice: Notice (8): Undefined variable: link in [APP/views/layouts/cake.ctp, line 37]
2008-10-22 20:32:52 Notice: Notice (8): Undefined variable: link in [APP/views/layouts/cake.ctp, line 37]
2008-10-22 20:34:14 Notice: Notice (8): Undefined variable: link in [APP/views/layouts/cake.ctp, line 37]
2008-10-22 20:34:42 Notice: Notice (8): Undefined variable: link in [APP/views/layouts/cake.ctp, line 37]
2008-10-22 20:35:45 Notice: Notice (8): Undefined variable: link in [APP/views/layouts/cake.ctp, line 37]
2008-10-22 20:35:46 Notice: Notice (8): Undefined variable: link in [APP/views/layouts/cake.ctp, line 37]
2008-10-22 20:36:09 Notice: Notice (8): Undefined variable: link in [APP/views/layouts/cake.ctp, line 37]
2008-10-22 20:36:23 Notice: Notice (8): Undefined variable: link in [APP/views/layouts/cake.ctp, line 37]
2008-10-22 20:36:37 Notice: Notice (8): Undefined variable: link in [APP/views/layouts/cake.ctp, line 37]
2008-10-22 20:37:16 Notice: Notice (8): Undefined variable: link in [APP/views/layouts/cake.ctp, line 37]
2008-10-22 20:48:07 Notice: Notice (8): Undefined variable: javascript in [APP/views/layouts/cake.ctp, line 12]
2008-10-22 20:48:07 Notice: Notice (8): Undefined variable: javascript in [APP/views/layouts/cake.ctp, line 12]
2008-10-22 20:48:46 Notice: Notice (8): Undefined variable: javascript in [APP/views/layouts/cake.ctp, line 12]
2008-10-22 20:48:46 Notice: Notice (8): Undefined variable: javascript in [APP/views/layouts/cake.ctp, line 12]
2008-10-22 20:49:00 Notice: Notice (8): Undefined variable: javascript in [APP/views/layouts/cake.ctp, line 12]
2008-10-22 20:49:00 Notice: Notice (8): Undefined variable: javascript in [APP/views/layouts/cake.ctp, line 12]
2008-10-22 20:49:12 Notice: Notice (8): Undefined variable: javascript in [APP/views/layouts/cake.ctp, line 12]
2008-10-22 20:49:12 Notice: Notice (8): Undefined variable: javascript in [APP/views/layouts/cake.ctp, line 12]
2008-10-22 20:49:17 Notice: Notice (8): Undefined variable: javascript in [APP/views/layouts/cake.ctp, line 12]
2008-10-22 21:04:59 Notice: Notice (8): Undefined variable: admin in [APP/views/layouts/default.ctp, line 59]
2008-10-22 21:04:59 Notice: Notice (8): Undefined variable: admin in [APP/views/layouts/default.ctp, line 59]
2008-10-22 21:05:24 Notice: Notice (8): Undefined variable: admin in [APP/views/layouts/default.ctp, line 59]
2008-10-22 21:09:04 Notice: Notice (8): Undefined index:  Permission in [APP/app_controller.php, line 87]
2008-10-22 21:16:34 Notice: Notice (8): Undefined index:  name in [APP/views/users/admin_view.ctp, line 36]
2008-10-22 21:16:34 Notice: Notice (8): Undefined index:  id in [APP/views/users/admin_view.ctp, line 36]
2008-10-22 21:17:09 Notice: Notice (8): Undefined index:  name in [APP/views/users/admin_view.ctp, line 36]
2008-10-22 21:17:09 Notice: Notice (8): Undefined index:  id in [APP/views/users/admin_view.ctp, line 36]
2008-10-22 21:25:10 Notice: Notice (8): Undefined variable: admin in [APP/views/layouts/default.ctp, line 53]
2008-10-22 21:39:06 Notice: Notice (8): Undefined index:  Permission in [APP/app_controller.php, line 87]
