2008-10-22 19:33:11 Error: Fatal Error (256): ConnectionManager::getDataSource - Non-existent data source user in [CORE/cake/libs/model/connection_manager.php, line 114]
2008-10-22 19:34:18 Error: Fatal Error (256): ConnectionManager::getDataSource - Non-existent data source user in [CORE/cake/libs/model/connection_manager.php, line 114]
2008-10-22 19:41:04 Error: Fatal Error (256): ConnectionManager::getDataSource - Non-existent data source user in [CORE/cake/libs/model/connection_manager.php, line 114]
2008-10-22 19:41:52 Error: Fatal Error (256): ConnectionManager::getDataSource - Non-existent data source user in [CORE/cake/libs/model/connection_manager.php, line 114]
2008-10-22 19:42:55 Error: Fatal Error (256): ConnectionManager::getDataSource - Non-existent data source user in [CORE/cake/libs/model/connection_manager.php, line 114]
2008-10-22 19:47:52 Error: Fatal Error (256): ConnectionManager::getDataSource - Non-existent data source user in [CORE/cake/libs/model/connection_manager.php, line 114]
2008-10-22 19:47:52 Error: Fatal Error (256): ConnectionManager::getDataSource - Non-existent data source user in [CORE/cake/libs/model/connection_manager.php, line 114]
2008-10-22 19:49:24 Error: Fatal Error (256): ConnectionManager::getDataSource - Non-existent data source user in [CORE/cake/libs/model/connection_manager.php, line 114]
2008-10-22 19:50:04 Error: Fatal Error (256): ConnectionManager::getDataSource - Non-existent data source user in [CORE/cake/libs/model/connection_manager.php, line 114]
2008-10-22 19:50:06 Error: Fatal Error (256): ConnectionManager::getDataSource - Non-existent data source user in [CORE/cake/libs/model/connection_manager.php, line 114]
2008-10-22 19:50:54 Error: Fatal Error (256): ConnectionManager::getDataSource - Non-existent data source user in [CORE/cake/libs/model/connection_manager.php, line 114]
2008-10-22 19:54:07 Warning: Warning (2): Cannot modify header information - headers already sent by (output started at /Volumes/data/www/cakestuff/cakeusermanagement/app/app_controller.php:28) in [CORE/cake/libs/controller/controller.php, line 587]
2008-10-22 20:14:37 Warning: Warning (2): include(app/plugins/user/config/routes.php) [<a href='http://php.net/function.include'>function.include</a>]: failed to open stream: No such file or directory in [APP/config/routes.php, line 33]
2008-10-22 20:14:37 Warning: Warning (2): include() [<a href='http://php.net/function.include'>function.include</a>]: Failed opening 'app/plugins/user/config/routes.php' for inclusion (include_path='/Volumes/data/www/cakestuff/cakeusermanagement:/Volumes/data/www/cakestuff/cakeusermanagement/app/:.:/opt/local/lib/php') in [APP/config/routes.php, line 33]
2008-10-22 20:14:37 Warning: Warning (2): AppController::require(app/plugins/user/app_controller/before_render.php) [<a href='http://php.net/function.AppController-require'>function.AppController-require</a>]: failed to open stream: No such file or directory in [APP/app_controller.php, line 15]
2008-10-22 20:27:45 Error: Fatal Error (256): ConnectionManager::getDataSource - Non-existent data source user in [CORE/cake/libs/model/connection_manager.php, line 114]
2008-10-22 20:29:36 Warning: Warning (512): <span style = "color:Red;text-align:left"><b>SQL Error:</b> 1048: Column 'activation_code' cannot be null</span> in [CORE/cake/libs/model/datasources/dbo_source.php, line 521]
2008-10-22 20:29:36 Warning: Warning (2): Cannot modify header information - headers already sent by (output started at /Volumes/data/www/cakestuff/cakeusermanagement/cake/basics.php:111) in [CORE/cake/libs/controller/controller.php, line 587]
2008-10-22 20:29:38 Warning: Warning (512): <span style = "color:Red;text-align:left"><b>SQL Error:</b> 1048: Column 'activation_code' cannot be null</span> in [CORE/cake/libs/model/datasources/dbo_source.php, line 521]
2008-10-22 20:29:38 Warning: Warning (2): Cannot modify header information - headers already sent by (output started at /Volumes/data/www/cakestuff/cakeusermanagement/cake/basics.php:111) in [CORE/cake/libs/controller/controller.php, line 587]
2008-10-22 21:09:04 Warning: Warning (512): <span style = "color:Red;text-align:left"><b>SQL Error:</b> 1064: You have an error in your SQL syntax; check the manual that corresponds to your MySQL server version for the right syntax to use near 'contain' at line 1</span> in [CORE/cake/libs/model/datasources/dbo_source.php, line 521]
2008-10-22 21:09:04 Warning: Warning (2): Invalid argument supplied for foreach() in [APP/app_controller.php, line 88]
2008-10-22 21:39:06 Warning: Warning (512): <span style = "color:Red;text-align:left"><b>SQL Error:</b> 1064: You have an error in your SQL syntax; check the manual that corresponds to your MySQL server version for the right syntax to use near 'contain' at line 1</span> in [CORE/cake/libs/model/datasources/dbo_source.php, line 521]
2008-10-22 21:39:06 Warning: Warning (2): Invalid argument supplied for foreach() in [APP/app_controller.php, line 88]
